<?xml version="1.0" encoding="UTF-8"?>
<testng-results ignored="0" total="2" passed="2" failed="0" skipped="0">
  <reporter-output>
  </reporter-output>
  <suite started-at="2023-07-21T03:52:04 GMT-07:00" name="Suite" finished-at="2023-07-21T03:52:09 GMT-07:00" duration-ms="5695">
    <groups>
    </groups>
    <test started-at="2023-07-21T03:52:04 GMT-07:00" name="Test" finished-at="2023-07-21T03:52:09 GMT-07:00" duration-ms="5695">
      <class name="com.webDriver.crossBrowser">
        <test-method signature="CreateChrome()[pri:0, instance:com.webDriver.crossBrowser@3e11f9e9]" started-at="2023-07-21T03:52:04 GMT-07:00" name="CreateChrome" finished-at="2023-07-21T03:52:06 GMT-07:00" duration-ms="2813" status="PASS">
          <reporter-output>
          </reporter-output>
        </test-method> <!-- CreateChrome -->
        <test-method signature="CreateFireFox()[pri:0, instance:com.webDriver.crossBrowser@3e11f9e9]" started-at="2023-07-21T03:52:06 GMT-07:00" name="CreateFireFox" finished-at="2023-07-21T03:52:09 GMT-07:00" duration-ms="2840" status="PASS">
          <reporter-output>
          </reporter-output>
        </test-method> <!-- CreateFireFox -->
      </class> <!-- com.webDriver.crossBrowser -->
    </test> <!-- Test -->
  </suite> <!-- Suite -->
</testng-results>
